<?xml version="1.0" encoding="UTF-8"?>
<!-- Generated by org.testng.reporters.JUnitReportReporter -->
<testsuite hostname="DESKTOP-F0EI4ND" failures="0" tests="2" name="com.crm.qa.testcases.LoginPageTest" time="8.567" errors="0" timestamp="10 Apr 2025 02:17:39 GMT">
  <testcase classname="com.crm.qa.testcases.LoginPageTest" name="ClickLoginButton" time="3.913"/>
  <testcase classname="com.crm.qa.testcases.LoginPageTest" name="LoginTitleTest" time="4.654"/>
</testsuite> <!-- com.crm.qa.testcases.LoginPageTest -->
