<?xml version="1.0" encoding="UTF-8"?>
<!-- Generated by org.testng.reporters.JUnitReportReporter -->
<testsuite hostname="DESKTOP-F0EI4ND" failures="0" tests="2" name="com.crm.qa.testcases.LoginPageTest" time="8.254" errors="0" timestamp="2025-04-15T11:45:10 IST" skipped="0">
  <testcase classname="com.crm.qa.testcases.LoginPageTest" name="LoginTitleTest" time="3.423"/>
  <testcase classname="com.crm.qa.testcases.LoginPageTest" name="ClickLoginButton" time="4.831"/>
</testsuite> <!-- com.crm.qa.testcases.LoginPageTest -->
